<?xml version="1.0" encoding="UTF-8"?>
<testsuite name="com.ironyard.BandInTrebleApplicationTests" tests="1" skipped="0" failures="0" errors="0" timestamp="2016-07-08T19:52:20" hostname="Jeffrys-MacBook-Pro.local" time="0.002">
  <properties/>
  <testcase name="contextLoads" classname="com.ironyard.BandInTrebleApplicationTests" time="0.002"/>
  <system-out><![CDATA[15:52:17.108 [Test worker] DEBUG org.springframework.test.context.junit4.SpringJUnit4ClassRunner - SpringJUnit4ClassRunner constructor called with [class com.ironyard.BandInTrebleApplicationTests]
15:52:17.111 [Test worker] DEBUG org.springframework.test.context.BootstrapUtils - Instantiating CacheAwareContextLoaderDelegate from class [org.springframework.test.context.cache.DefaultCacheAwareContextLoaderDelegate]
15:52:17.114 [Test worker] DEBUG org.springframework.test.context.BootstrapUtils - Instantiating BootstrapContext using constructor [public org.springframework.test.context.support.DefaultBootstrapContext(java.lang.Class,org.springframework.test.context.CacheAwareContextLoaderDelegate)]
15:52:17.123 [Test worker] DEBUG org.springframework.test.context.BootstrapUtils - Instantiating TestContextBootstrapper for test class [com.ironyard.BandInTrebleApplicationTests] from class [org.springframework.test.context.web.WebTestContextBootstrapper]
15:52:17.139 [Test worker] DEBUG org.springframework.test.context.web.WebTestContextBootstrapper - Found explicit ContextLoader class [org.springframework.boot.test.SpringApplicationContextLoader] for context configuration attributes [ContextConfigurationAttributes@1771cc23 declaringClass = 'com.ironyard.BandInTrebleApplicationTests', classes = '{class com.ironyard.BandInTrebleApplication}', locations = '{}', inheritLocations = true, initializers = '{}', inheritInitializers = true, name = [null], contextLoaderClass = 'org.springframework.boot.test.SpringApplicationContextLoader']
15:52:17.144 [Test worker] DEBUG org.springframework.test.context.support.AbstractContextLoader - Did not detect default resource location for test class [com.ironyard.BandInTrebleApplicationTests]: class path resource [com/ironyard/BandInTrebleApplicationTests-context.xml] does not exist
15:52:17.144 [Test worker] DEBUG org.springframework.test.context.support.AbstractContextLoader - Did not detect default resource location for test class [com.ironyard.BandInTrebleApplicationTests]: class path resource [com/ironyard/BandInTrebleApplicationTestsContext.groovy] does not exist
15:52:17.145 [Test worker] INFO org.springframework.test.context.support.AbstractContextLoader - Could not detect default resource locations for test class [com.ironyard.BandInTrebleApplicationTests]: no resource found for suffixes {-context.xml, Context.groovy}.
15:52:17.146 [Test worker] DEBUG org.springframework.test.context.support.ActiveProfilesUtils - Could not find an 'annotation declaring class' for annotation type [org.springframework.test.context.ActiveProfiles] and class [com.ironyard.BandInTrebleApplicationTests]
15:52:17.149 [Test worker] DEBUG org.springframework.test.context.web.WebTestContextBootstrapper - @TestExecutionListeners is not present for class [com.ironyard.BandInTrebleApplicationTests]: using defaults.
15:52:17.155 [Test worker] INFO org.springframework.test.context.web.WebTestContextBootstrapper - Loaded default TestExecutionListener class names from location [META-INF/spring.factories]: [org.springframework.test.context.web.ServletTestExecutionListener, org.springframework.test.context.support.DirtiesContextBeforeModesTestExecutionListener, org.springframework.test.context.support.DependencyInjectionTestExecutionListener, org.springframework.test.context.support.DirtiesContextTestExecutionListener, org.springframework.test.context.transaction.TransactionalTestExecutionListener, org.springframework.test.context.jdbc.SqlScriptsTestExecutionListener]
15:52:17.167 [Test worker] INFO org.springframework.test.context.web.WebTestContextBootstrapper - Using TestExecutionListeners: [org.springframework.test.context.web.ServletTestExecutionListener@4d03c09f, org.springframework.test.context.support.DirtiesContextBeforeModesTestExecutionListener@34aeff75, org.springframework.test.context.support.DependencyInjectionTestExecutionListener@4becf077, org.springframework.test.context.support.DirtiesContextTestExecutionListener@29a35671, org.springframework.test.context.transaction.TransactionalTestExecutionListener@7af76ce2, org.springframework.test.context.jdbc.SqlScriptsTestExecutionListener@39e1619e]
15:52:17.169 [Test worker] DEBUG org.springframework.test.annotation.ProfileValueUtils - Retrieved @ProfileValueSourceConfiguration [null] for test class [com.ironyard.BandInTrebleApplicationTests]
15:52:17.170 [Test worker] DEBUG org.springframework.test.annotation.ProfileValueUtils - Retrieved ProfileValueSource type [class org.springframework.test.annotation.SystemProfileValueSource] for class [com.ironyard.BandInTrebleApplicationTests]
15:52:17.170 [Test worker] DEBUG org.springframework.test.annotation.ProfileValueUtils - Retrieved @ProfileValueSourceConfiguration [null] for test class [com.ironyard.BandInTrebleApplicationTests]
15:52:17.170 [Test worker] DEBUG org.springframework.test.annotation.ProfileValueUtils - Retrieved ProfileValueSource type [class org.springframework.test.annotation.SystemProfileValueSource] for class [com.ironyard.BandInTrebleApplicationTests]
15:52:17.172 [Test worker] DEBUG org.springframework.test.context.support.AbstractDirtiesContextTestExecutionListener - Before test class: context [DefaultTestContext@76e6617c testClass = BandInTrebleApplicationTests, testInstance = [null], testMethod = [null], testException = [null], mergedContextConfiguration = [WebMergedContextConfiguration@3cb1c6ee testClass = BandInTrebleApplicationTests, locations = '{}', classes = '{class com.ironyard.BandInTrebleApplication}', contextInitializerClasses = '[]', activeProfiles = '{}', propertySourceLocations = '{}', propertySourceProperties = '{}', resourceBasePath = 'src/main/webapp', contextLoader = 'org.springframework.boot.test.SpringApplicationContextLoader', parent = [null]]], class annotated with @DirtiesContext [false] with mode [null].
15:52:17.173 [Test worker] DEBUG org.springframework.test.annotation.ProfileValueUtils - Retrieved @ProfileValueSourceConfiguration [null] for test class [com.ironyard.BandInTrebleApplicationTests]
15:52:17.173 [Test worker] DEBUG org.springframework.test.annotation.ProfileValueUtils - Retrieved ProfileValueSource type [class org.springframework.test.annotation.SystemProfileValueSource] for class [com.ironyard.BandInTrebleApplicationTests]
15:52:17.222 [Test worker] DEBUG org.springframework.core.env.StandardEnvironment - Adding [systemProperties] PropertySource with lowest search precedence
15:52:17.223 [Test worker] DEBUG org.springframework.core.env.StandardEnvironment - Adding [systemEnvironment] PropertySource with lowest search precedence
15:52:17.224 [Test worker] DEBUG org.springframework.core.env.StandardEnvironment - Initialized StandardEnvironment with PropertySources [systemProperties,systemEnvironment]
15:52:17.225 [Test worker] DEBUG org.springframework.core.env.StandardEnvironment - Adding [integrationTest] PropertySource with search precedence immediately lower than [systemEnvironment]

  .   ____          _            __ _ _
 /\\ / ___'_ __ _ _(_)_ __  __ _ \ \ \ \
( ( )\___ | '_ | '_| | '_ \/ _` | \ \ \ \
 \\/  ___)| |_)| | | | | || (_| |  ) ) ) )
  '  |____| .__|_| |_|_| |_\__, | / / / /
 =========|_|==============|___/=/_/_/_/
 :: Spring Boot ::        (v1.3.6.RELEASE)

2016-07-08 15:52:17.416  INFO 37767 --- [    Test worker] c.ironyard.BandInTrebleApplicationTests  : Starting BandInTrebleApplicationTests on Jeffrys-MacBook-Pro.local with PID 37767 (/Users/jeffryporter/IdeaProjects/BandInTreble/build/classes/test started by jeffryporter in /Users/jeffryporter/IdeaProjects/BandInTreble)
2016-07-08 15:52:17.417  INFO 37767 --- [    Test worker] c.ironyard.BandInTrebleApplicationTests  : No active profile set, falling back to default profiles: default
2016-07-08 15:52:17.465  INFO 37767 --- [    Test worker] o.s.w.c.s.GenericWebApplicationContext   : Refreshing org.springframework.web.context.support.GenericWebApplicationContext@201616d8: startup date [Fri Jul 08 15:52:17 EDT 2016]; root of context hierarchy
2016-07-08 15:52:18.317  INFO 37767 --- [    Test worker] trationDelegate$BeanPostProcessorChecker : Bean 'org.springframework.transaction.annotation.ProxyTransactionManagementConfiguration' of type [class org.springframework.transaction.annotation.ProxyTransactionManagementConfiguration$$EnhancerBySpringCGLIB$$a8d19de9] is not eligible for getting processed by all BeanPostProcessors (for example: not eligible for auto-proxying)
2016-07-08 15:52:18.603  INFO 37767 --- [    Test worker] j.LocalContainerEntityManagerFactoryBean : Building JPA container EntityManagerFactory for persistence unit 'default'
2016-07-08 15:52:18.620  INFO 37767 --- [    Test worker] o.hibernate.jpa.internal.util.LogHelper  : HHH000204: Processing PersistenceUnitInfo [
	name: default
	...]
2016-07-08 15:52:18.672  INFO 37767 --- [    Test worker] org.hibernate.Version                    : HHH000412: Hibernate Core {4.3.11.Final}
2016-07-08 15:52:18.673  INFO 37767 --- [    Test worker] org.hibernate.cfg.Environment            : HHH000206: hibernate.properties not found
2016-07-08 15:52:18.674  INFO 37767 --- [    Test worker] org.hibernate.cfg.Environment            : HHH000021: Bytecode provider name : javassist
2016-07-08 15:52:18.776  INFO 37767 --- [    Test worker] o.hibernate.annotations.common.Version   : HCANN000001: Hibernate Commons Annotations {4.0.5.Final}
2016-07-08 15:52:18.967  INFO 37767 --- [    Test worker] org.hibernate.dialect.Dialect            : HHH000400: Using dialect: org.hibernate.dialect.H2Dialect
2016-07-08 15:52:19.059  INFO 37767 --- [    Test worker] o.h.h.i.ast.ASTQueryTranslatorFactory    : HHH000397: Using ASTQueryTranslatorFactory
2016-07-08 15:52:19.305  INFO 37767 --- [    Test worker] org.hibernate.tool.hbm2ddl.SchemaUpdate  : HHH000228: Running hbm2ddl schema update
2016-07-08 15:52:19.306  INFO 37767 --- [    Test worker] org.hibernate.tool.hbm2ddl.SchemaUpdate  : HHH000102: Fetching database metadata
2016-07-08 15:52:19.307  INFO 37767 --- [    Test worker] org.hibernate.tool.hbm2ddl.SchemaUpdate  : HHH000396: Updating schema
2016-07-08 15:52:19.320  INFO 37767 --- [    Test worker] o.hibernate.tool.hbm2ddl.TableMetadata   : HHH000261: Table found: MAIN.PUBLIC.BAND_MANAGERS
2016-07-08 15:52:19.320  INFO 37767 --- [    Test worker] o.hibernate.tool.hbm2ddl.TableMetadata   : HHH000037: Columns: [user_id, id, instrument_needed]
2016-07-08 15:52:19.320  INFO 37767 --- [    Test worker] o.hibernate.tool.hbm2ddl.TableMetadata   : HHH000108: Foreign keys: [fk_rjkufop1kkt40o345fpk5psni]
2016-07-08 15:52:19.320  INFO 37767 --- [    Test worker] o.hibernate.tool.hbm2ddl.TableMetadata   : HHH000126: Indexes: [fk_rjkufop1kkt40o345fpk5psni_index_e, primary_key_e]
2016-07-08 15:52:19.324  INFO 37767 --- [    Test worker] o.hibernate.tool.hbm2ddl.TableMetadata   : HHH000261: Table found: MAIN.PUBLIC.MUSICIANS
2016-07-08 15:52:19.324  INFO 37767 --- [    Test worker] o.hibernate.tool.hbm2ddl.TableMetadata   : HHH000037: Columns: [backup_guitarist, cow_bell_player, lead_guitarist, pianist, user_id, backup_singer, bassist, id, lead_singer, tambourine, drummer]
2016-07-08 15:52:19.325  INFO 37767 --- [    Test worker] o.hibernate.tool.hbm2ddl.TableMetadata   : HHH000108: Foreign keys: [fk_v5ghfq5d9sugbqsc26j73e93]
2016-07-08 15:52:19.325  INFO 37767 --- [    Test worker] o.hibernate.tool.hbm2ddl.TableMetadata   : HHH000126: Indexes: [primary_key_b, fk_v5ghfq5d9sugbqsc26j73e93_index_b]
2016-07-08 15:52:19.328  INFO 37767 --- [    Test worker] o.hibernate.tool.hbm2ddl.TableMetadata   : HHH000261: Table found: MAIN.PUBLIC.USERS
2016-07-08 15:52:19.328  INFO 37767 --- [    Test worker] o.hibernate.tool.hbm2ddl.TableMetadata   : HHH000037: Columns: [password, name, id, avatar]
2016-07-08 15:52:19.328  INFO 37767 --- [    Test worker] o.hibernate.tool.hbm2ddl.TableMetadata   : HHH000108: Foreign keys: []
2016-07-08 15:52:19.328  INFO 37767 --- [    Test worker] o.hibernate.tool.hbm2ddl.TableMetadata   : HHH000126: Indexes: [primary_key_4]
2016-07-08 15:52:19.329  INFO 37767 --- [    Test worker] org.hibernate.tool.hbm2ddl.SchemaUpdate  : HHH000232: Schema update complete
2016-07-08 15:52:19.983  INFO 37767 --- [    Test worker] s.w.s.m.m.a.RequestMappingHandlerAdapter : Looking for @ControllerAdvice: org.springframework.web.context.support.GenericWebApplicationContext@201616d8: startup date [Fri Jul 08 15:52:17 EDT 2016]; root of context hierarchy
2016-07-08 15:52:20.032  INFO 37767 --- [    Test worker] s.w.s.m.m.a.RequestMappingHandlerMapping : Mapped "{[/band-manager],methods=[GET]}" onto public java.lang.Iterable<com.ironyard.entities.Musician> com.ironyard.controllers.BandInTrebleController.getMusician(com.ironyard.entities.BandManager)
2016-07-08 15:52:20.033  INFO 37767 --- [    Test worker] s.w.s.m.m.a.RequestMappingHandlerMapping : Mapped "{[/band-manager],methods=[POST]}" onto public com.ironyard.entities.BandManager com.ironyard.controllers.BandInTrebleController.postGig(javax.servlet.http.HttpSession,com.ironyard.entities.BandManager)
2016-07-08 15:52:20.033  INFO 37767 --- [    Test worker] s.w.s.m.m.a.RequestMappingHandlerMapping : Mapped "{[/band-manager],methods=[PUT]}" onto public com.ironyard.entities.BandManager com.ironyard.controllers.BandInTrebleController.putGig(javax.servlet.http.HttpSession,com.ironyard.entities.BandManager)
2016-07-08 15:52:20.033  INFO 37767 --- [    Test worker] s.w.s.m.m.a.RequestMappingHandlerMapping : Mapped "{[/band-manager],methods=[DELETE]}" onto public com.ironyard.entities.User com.ironyard.controllers.BandInTrebleController.deleteGig(javax.servlet.http.HttpSession,com.ironyard.entities.BandManager)
2016-07-08 15:52:20.034  INFO 37767 --- [    Test worker] s.w.s.m.m.a.RequestMappingHandlerMapping : Mapped "{[/musician],methods=[GET]}" onto public java.lang.Iterable<com.ironyard.entities.BandManager> com.ironyard.controllers.BandInTrebleController.getGig(com.ironyard.entities.Musician)
2016-07-08 15:52:20.034  INFO 37767 --- [    Test worker] s.w.s.m.m.a.RequestMappingHandlerMapping : Mapped "{[/musician],methods=[POST]}" onto public com.ironyard.entities.Musician com.ironyard.controllers.BandInTrebleController.postMusician(javax.servlet.http.HttpSession,com.ironyard.entities.Musician)
2016-07-08 15:52:20.034  INFO 37767 --- [    Test worker] s.w.s.m.m.a.RequestMappingHandlerMapping : Mapped "{[/musician],methods=[PUT]}" onto public com.ironyard.entities.Musician com.ironyard.controllers.BandInTrebleController.putMusician(javax.servlet.http.HttpSession,com.ironyard.entities.Musician)
2016-07-08 15:52:20.034  INFO 37767 --- [    Test worker] s.w.s.m.m.a.RequestMappingHandlerMapping : Mapped "{[/musician],methods=[DELETE]}" onto public com.ironyard.entities.User com.ironyard.controllers.BandInTrebleController.deleteMusician(javax.servlet.http.HttpSession,com.ironyard.entities.Musician)
2016-07-08 15:52:20.035  INFO 37767 --- [    Test worker] s.w.s.m.m.a.RequestMappingHandlerMapping : Mapped "{[/login],methods=[POST]}" onto public com.ironyard.entities.User com.ironyard.controllers.BandInTrebleController.login(com.ironyard.entities.User,javax.servlet.http.HttpSession) throws java.lang.Exception
2016-07-08 15:52:20.035  INFO 37767 --- [    Test worker] s.w.s.m.m.a.RequestMappingHandlerMapping : Mapped "{[/logout],methods=[POST]}" onto public void com.ironyard.controllers.BandInTrebleController.logout(javax.servlet.http.HttpSession) throws java.lang.Exception
2016-07-08 15:52:20.037  INFO 37767 --- [    Test worker] s.w.s.m.m.a.RequestMappingHandlerMapping : Mapped "{[/error]}" onto public org.springframework.http.ResponseEntity<java.util.Map<java.lang.String, java.lang.Object>> org.springframework.boot.autoconfigure.web.BasicErrorController.error(javax.servlet.http.HttpServletRequest)
2016-07-08 15:52:20.037  INFO 37767 --- [    Test worker] s.w.s.m.m.a.RequestMappingHandlerMapping : Mapped "{[/error],produces=[text/html]}" onto public org.springframework.web.servlet.ModelAndView org.springframework.boot.autoconfigure.web.BasicErrorController.errorHtml(javax.servlet.http.HttpServletRequest,javax.servlet.http.HttpServletResponse)
2016-07-08 15:52:20.058  INFO 37767 --- [    Test worker] o.s.w.s.handler.SimpleUrlHandlerMapping  : Mapped URL path [/webjars/**] onto handler of type [class org.springframework.web.servlet.resource.ResourceHttpRequestHandler]
2016-07-08 15:52:20.058  INFO 37767 --- [    Test worker] o.s.w.s.handler.SimpleUrlHandlerMapping  : Mapped URL path [/**] onto handler of type [class org.springframework.web.servlet.resource.ResourceHttpRequestHandler]
2016-07-08 15:52:20.097  INFO 37767 --- [    Test worker] o.s.w.s.handler.SimpleUrlHandlerMapping  : Mapped URL path [/**/favicon.ico] onto handler of type [class org.springframework.web.servlet.resource.ResourceHttpRequestHandler]
2016-07-08 15:52:20.233  INFO 37767 --- [    Test worker] c.ironyard.BandInTrebleApplicationTests  : Started BandInTrebleApplicationTests in 3.001 seconds (JVM running for 3.569)
]]></system-out>
  <system-err><![CDATA[]]></system-err>
</testsuite>
