<?xml version="1.0" encoding="UTF-8"?>
<testsuite name="com.ironyard.BandInTrebleApplicationTests" tests="1" skipped="0" failures="0" errors="0" timestamp="2016-07-09T17:01:53" hostname="Jeffrys-MacBook-Pro.local" time="0.003">
  <properties/>
  <testcase name="contextLoads" classname="com.ironyard.BandInTrebleApplicationTests" time="0.003"/>
  <system-out><![CDATA[13:01:49.704 [Test worker] DEBUG org.springframework.test.context.junit4.SpringJUnit4ClassRunner - SpringJUnit4ClassRunner constructor called with [class com.ironyard.BandInTrebleApplicationTests]
13:01:49.709 [Test worker] DEBUG org.springframework.test.context.BootstrapUtils - Instantiating CacheAwareContextLoaderDelegate from class [org.springframework.test.context.cache.DefaultCacheAwareContextLoaderDelegate]
13:01:49.713 [Test worker] DEBUG org.springframework.test.context.BootstrapUtils - Instantiating BootstrapContext using constructor [public org.springframework.test.context.support.DefaultBootstrapContext(java.lang.Class,org.springframework.test.context.CacheAwareContextLoaderDelegate)]
13:01:49.724 [Test worker] DEBUG org.springframework.test.context.BootstrapUtils - Instantiating TestContextBootstrapper for test class [com.ironyard.BandInTrebleApplicationTests] from class [org.springframework.test.context.web.WebTestContextBootstrapper]
13:01:49.744 [Test worker] DEBUG org.springframework.test.context.web.WebTestContextBootstrapper - Found explicit ContextLoader class [org.springframework.boot.test.SpringApplicationContextLoader] for context configuration attributes [ContextConfigurationAttributes@63b08e01 declaringClass = 'com.ironyard.BandInTrebleApplicationTests', classes = '{class com.ironyard.BandInTrebleApplication}', locations = '{}', inheritLocations = true, initializers = '{}', inheritInitializers = true, name = [null], contextLoaderClass = 'org.springframework.boot.test.SpringApplicationContextLoader']
13:01:49.750 [Test worker] DEBUG org.springframework.test.context.support.AbstractContextLoader - Did not detect default resource location for test class [com.ironyard.BandInTrebleApplicationTests]: class path resource [com/ironyard/BandInTrebleApplicationTests-context.xml] does not exist
13:01:49.750 [Test worker] DEBUG org.springframework.test.context.support.AbstractContextLoader - Did not detect default resource location for test class [com.ironyard.BandInTrebleApplicationTests]: class path resource [com/ironyard/BandInTrebleApplicationTestsContext.groovy] does not exist
13:01:49.750 [Test worker] INFO org.springframework.test.context.support.AbstractContextLoader - Could not detect default resource locations for test class [com.ironyard.BandInTrebleApplicationTests]: no resource found for suffixes {-context.xml, Context.groovy}.
13:01:49.752 [Test worker] DEBUG org.springframework.test.context.support.ActiveProfilesUtils - Could not find an 'annotation declaring class' for annotation type [org.springframework.test.context.ActiveProfiles] and class [com.ironyard.BandInTrebleApplicationTests]
13:01:49.756 [Test worker] DEBUG org.springframework.test.context.web.WebTestContextBootstrapper - @TestExecutionListeners is not present for class [com.ironyard.BandInTrebleApplicationTests]: using defaults.
13:01:49.763 [Test worker] INFO org.springframework.test.context.web.WebTestContextBootstrapper - Loaded default TestExecutionListener class names from location [META-INF/spring.factories]: [org.springframework.test.context.web.ServletTestExecutionListener, org.springframework.test.context.support.DirtiesContextBeforeModesTestExecutionListener, org.springframework.test.context.support.DependencyInjectionTestExecutionListener, org.springframework.test.context.support.DirtiesContextTestExecutionListener, org.springframework.test.context.transaction.TransactionalTestExecutionListener, org.springframework.test.context.jdbc.SqlScriptsTestExecutionListener]
13:01:49.778 [Test worker] INFO org.springframework.test.context.web.WebTestContextBootstrapper - Using TestExecutionListeners: [org.springframework.test.context.web.ServletTestExecutionListener@2c918745, org.springframework.test.context.support.DirtiesContextBeforeModesTestExecutionListener@1aba98d4, org.springframework.test.context.support.DependencyInjectionTestExecutionListener@1719b37e, org.springframework.test.context.support.DirtiesContextTestExecutionListener@2761149d, org.springframework.test.context.transaction.TransactionalTestExecutionListener@76a049b, org.springframework.test.context.jdbc.SqlScriptsTestExecutionListener@4958409a]
13:01:49.781 [Test worker] DEBUG org.springframework.test.annotation.ProfileValueUtils - Retrieved @ProfileValueSourceConfiguration [null] for test class [com.ironyard.BandInTrebleApplicationTests]
13:01:49.781 [Test worker] DEBUG org.springframework.test.annotation.ProfileValueUtils - Retrieved ProfileValueSource type [class org.springframework.test.annotation.SystemProfileValueSource] for class [com.ironyard.BandInTrebleApplicationTests]
13:01:49.782 [Test worker] DEBUG org.springframework.test.annotation.ProfileValueUtils - Retrieved @ProfileValueSourceConfiguration [null] for test class [com.ironyard.BandInTrebleApplicationTests]
13:01:49.782 [Test worker] DEBUG org.springframework.test.annotation.ProfileValueUtils - Retrieved ProfileValueSource type [class org.springframework.test.annotation.SystemProfileValueSource] for class [com.ironyard.BandInTrebleApplicationTests]
13:01:49.785 [Test worker] DEBUG org.springframework.test.context.support.AbstractDirtiesContextTestExecutionListener - Before test class: context [DefaultTestContext@7924b40f testClass = BandInTrebleApplicationTests, testInstance = [null], testMethod = [null], testException = [null], mergedContextConfiguration = [WebMergedContextConfiguration@62426377 testClass = BandInTrebleApplicationTests, locations = '{}', classes = '{class com.ironyard.BandInTrebleApplication}', contextInitializerClasses = '[]', activeProfiles = '{}', propertySourceLocations = '{}', propertySourceProperties = '{}', resourceBasePath = 'src/main/webapp', contextLoader = 'org.springframework.boot.test.SpringApplicationContextLoader', parent = [null]]], class annotated with @DirtiesContext [false] with mode [null].
13:01:49.786 [Test worker] DEBUG org.springframework.test.annotation.ProfileValueUtils - Retrieved @ProfileValueSourceConfiguration [null] for test class [com.ironyard.BandInTrebleApplicationTests]
13:01:49.786 [Test worker] DEBUG org.springframework.test.annotation.ProfileValueUtils - Retrieved ProfileValueSource type [class org.springframework.test.annotation.SystemProfileValueSource] for class [com.ironyard.BandInTrebleApplicationTests]
13:01:49.841 [Test worker] DEBUG org.springframework.core.env.StandardEnvironment - Adding [systemProperties] PropertySource with lowest search precedence
13:01:49.843 [Test worker] DEBUG org.springframework.core.env.StandardEnvironment - Adding [systemEnvironment] PropertySource with lowest search precedence
13:01:49.843 [Test worker] DEBUG org.springframework.core.env.StandardEnvironment - Initialized StandardEnvironment with PropertySources [systemProperties,systemEnvironment]
13:01:49.844 [Test worker] DEBUG org.springframework.core.env.StandardEnvironment - Adding [integrationTest] PropertySource with search precedence immediately lower than [systemEnvironment]

  .   ____          _            __ _ _
 /\\ / ___'_ __ _ _(_)_ __  __ _ \ \ \ \
( ( )\___ | '_ | '_| | '_ \/ _` | \ \ \ \
 \\/  ___)| |_)| | | | | || (_| |  ) ) ) )
  '  |____| .__|_| |_|_| |_\__, | / / / /
 =========|_|==============|___/=/_/_/_/
 :: Spring Boot ::        (v1.3.6.RELEASE)

2016-07-09 13:01:50.351  INFO 43355 --- [    Test worker] c.ironyard.BandInTrebleApplicationTests  : Starting BandInTrebleApplicationTests on Jeffrys-MacBook-Pro.local with PID 43355 (/Users/jeffryporter/IdeaProjects/BandInTreble/build/classes/test started by jeffryporter in /Users/jeffryporter/IdeaProjects/BandInTreble)
2016-07-09 13:01:50.352  INFO 43355 --- [    Test worker] c.ironyard.BandInTrebleApplicationTests  : No active profile set, falling back to default profiles: default
2016-07-09 13:01:50.409  INFO 43355 --- [    Test worker] o.s.w.c.s.GenericWebApplicationContext   : Refreshing org.springframework.web.context.support.GenericWebApplicationContext@4ab5b4de: startup date [Sat Jul 09 13:01:50 EDT 2016]; root of context hierarchy
2016-07-09 13:01:51.382  INFO 43355 --- [    Test worker] trationDelegate$BeanPostProcessorChecker : Bean 'org.springframework.transaction.annotation.ProxyTransactionManagementConfiguration' of type [class org.springframework.transaction.annotation.ProxyTransactionManagementConfiguration$$EnhancerBySpringCGLIB$$53f5ed5f] is not eligible for getting processed by all BeanPostProcessors (for example: not eligible for auto-proxying)
2016-07-09 13:01:51.706  INFO 43355 --- [    Test worker] j.LocalContainerEntityManagerFactoryBean : Building JPA container EntityManagerFactory for persistence unit 'default'
2016-07-09 13:01:51.727  INFO 43355 --- [    Test worker] o.hibernate.jpa.internal.util.LogHelper  : HHH000204: Processing PersistenceUnitInfo [
	name: default
	...]
2016-07-09 13:01:51.789  INFO 43355 --- [    Test worker] org.hibernate.Version                    : HHH000412: Hibernate Core {4.3.11.Final}
2016-07-09 13:01:51.791  INFO 43355 --- [    Test worker] org.hibernate.cfg.Environment            : HHH000206: hibernate.properties not found
2016-07-09 13:01:51.792  INFO 43355 --- [    Test worker] org.hibernate.cfg.Environment            : HHH000021: Bytecode provider name : javassist
2016-07-09 13:01:51.917  INFO 43355 --- [    Test worker] o.hibernate.annotations.common.Version   : HCANN000001: Hibernate Commons Annotations {4.0.5.Final}
2016-07-09 13:01:52.144  INFO 43355 --- [    Test worker] org.hibernate.dialect.Dialect            : HHH000400: Using dialect: org.hibernate.dialect.H2Dialect
2016-07-09 13:01:52.248  INFO 43355 --- [    Test worker] o.h.h.i.ast.ASTQueryTranslatorFactory    : HHH000397: Using ASTQueryTranslatorFactory
2016-07-09 13:01:52.552  INFO 43355 --- [    Test worker] org.hibernate.tool.hbm2ddl.SchemaUpdate  : HHH000228: Running hbm2ddl schema update
2016-07-09 13:01:52.552  INFO 43355 --- [    Test worker] org.hibernate.tool.hbm2ddl.SchemaUpdate  : HHH000102: Fetching database metadata
2016-07-09 13:01:52.554  INFO 43355 --- [    Test worker] org.hibernate.tool.hbm2ddl.SchemaUpdate  : HHH000396: Updating schema
2016-07-09 13:01:52.568  INFO 43355 --- [    Test worker] o.hibernate.tool.hbm2ddl.TableMetadata   : HHH000261: Table found: MAIN.PUBLIC.BAND_MANAGERS
2016-07-09 13:01:52.568  INFO 43355 --- [    Test worker] o.hibernate.tool.hbm2ddl.TableMetadata   : HHH000037: Columns: [user_id, id, instrument_needed]
2016-07-09 13:01:52.568  INFO 43355 --- [    Test worker] o.hibernate.tool.hbm2ddl.TableMetadata   : HHH000108: Foreign keys: [fk_rjkufop1kkt40o345fpk5psni]
2016-07-09 13:01:52.569  INFO 43355 --- [    Test worker] o.hibernate.tool.hbm2ddl.TableMetadata   : HHH000126: Indexes: [fk_rjkufop1kkt40o345fpk5psni_index_e, primary_key_e]
2016-07-09 13:01:52.572  INFO 43355 --- [    Test worker] o.hibernate.tool.hbm2ddl.TableMetadata   : HHH000261: Table found: MAIN.PUBLIC.MUSICIANS
2016-07-09 13:01:52.573  INFO 43355 --- [    Test worker] o.hibernate.tool.hbm2ddl.TableMetadata   : HHH000037: Columns: [backup_guitarist, cow_bell_player, lead_guitarist, pianist, user_id, backup_singer, bassist, id, lead_singer, tambourine, drummer]
2016-07-09 13:01:52.573  INFO 43355 --- [    Test worker] o.hibernate.tool.hbm2ddl.TableMetadata   : HHH000108: Foreign keys: [fk_v5ghfq5d9sugbqsc26j73e93]
2016-07-09 13:01:52.573  INFO 43355 --- [    Test worker] o.hibernate.tool.hbm2ddl.TableMetadata   : HHH000126: Indexes: [primary_key_b, fk_v5ghfq5d9sugbqsc26j73e93_index_b]
2016-07-09 13:01:52.577  INFO 43355 --- [    Test worker] o.hibernate.tool.hbm2ddl.TableMetadata   : HHH000261: Table found: MAIN.PUBLIC.USERS
2016-07-09 13:01:52.578  INFO 43355 --- [    Test worker] o.hibernate.tool.hbm2ddl.TableMetadata   : HHH000037: Columns: [password, name, phone_number, id, avatar, email]
2016-07-09 13:01:52.578  INFO 43355 --- [    Test worker] o.hibernate.tool.hbm2ddl.TableMetadata   : HHH000108: Foreign keys: []
2016-07-09 13:01:52.578  INFO 43355 --- [    Test worker] o.hibernate.tool.hbm2ddl.TableMetadata   : HHH000126: Indexes: [primary_key_bfe]
2016-07-09 13:01:52.579  INFO 43355 --- [    Test worker] org.hibernate.tool.hbm2ddl.SchemaUpdate  : HHH000232: Schema update complete
2016-07-09 13:01:53.383  INFO 43355 --- [    Test worker] s.w.s.m.m.a.RequestMappingHandlerAdapter : Looking for @ControllerAdvice: org.springframework.web.context.support.GenericWebApplicationContext@4ab5b4de: startup date [Sat Jul 09 13:01:50 EDT 2016]; root of context hierarchy
2016-07-09 13:01:53.441  INFO 43355 --- [    Test worker] s.w.s.m.m.a.RequestMappingHandlerMapping : Mapped "{[/update-user],methods=[POST]}" onto public com.ironyard.entities.User com.ironyard.controllers.BandInTrebleController.updateUser(javax.servlet.http.HttpSession,com.ironyard.entities.User)
2016-07-09 13:01:53.442  INFO 43355 --- [    Test worker] s.w.s.m.m.a.RequestMappingHandlerMapping : Mapped "{[/band-manager],methods=[GET]}" onto public java.lang.Iterable<com.ironyard.entities.Musician> com.ironyard.controllers.BandInTrebleController.getMusician()
2016-07-09 13:01:53.442  INFO 43355 --- [    Test worker] s.w.s.m.m.a.RequestMappingHandlerMapping : Mapped "{[/band-manager],methods=[POST]}" onto public com.ironyard.entities.BandManager com.ironyard.controllers.BandInTrebleController.postGig(javax.servlet.http.HttpSession,com.ironyard.entities.BandManager)
2016-07-09 13:01:53.443  INFO 43355 --- [    Test worker] s.w.s.m.m.a.RequestMappingHandlerMapping : Mapped "{[/band-manager],methods=[PUT]}" onto public com.ironyard.entities.BandManager com.ironyard.controllers.BandInTrebleController.putGig(javax.servlet.http.HttpSession,com.ironyard.entities.BandManager)
2016-07-09 13:01:53.443  INFO 43355 --- [    Test worker] s.w.s.m.m.a.RequestMappingHandlerMapping : Mapped "{[/band-manager],methods=[DELETE]}" onto public com.ironyard.entities.User com.ironyard.controllers.BandInTrebleController.deleteGig(javax.servlet.http.HttpSession,com.ironyard.entities.BandManager)
2016-07-09 13:01:53.443  INFO 43355 --- [    Test worker] s.w.s.m.m.a.RequestMappingHandlerMapping : Mapped "{[/musician],methods=[GET]}" onto public java.lang.Iterable<com.ironyard.entities.BandManager> com.ironyard.controllers.BandInTrebleController.getGig()
2016-07-09 13:01:53.443  INFO 43355 --- [    Test worker] s.w.s.m.m.a.RequestMappingHandlerMapping : Mapped "{[/musician],methods=[POST]}" onto public com.ironyard.entities.Musician com.ironyard.controllers.BandInTrebleController.postMusician(javax.servlet.http.HttpSession,com.ironyard.entities.Musician)
2016-07-09 13:01:53.444  INFO 43355 --- [    Test worker] s.w.s.m.m.a.RequestMappingHandlerMapping : Mapped "{[/musician],methods=[PUT]}" onto public com.ironyard.entities.Musician com.ironyard.controllers.BandInTrebleController.putMusician(javax.servlet.http.HttpSession,com.ironyard.entities.Musician)
2016-07-09 13:01:53.444  INFO 43355 --- [    Test worker] s.w.s.m.m.a.RequestMappingHandlerMapping : Mapped "{[/musician],methods=[DELETE]}" onto public com.ironyard.entities.User com.ironyard.controllers.BandInTrebleController.deleteMusician(javax.servlet.http.HttpSession,com.ironyard.entities.Musician)
2016-07-09 13:01:53.444  INFO 43355 --- [    Test worker] s.w.s.m.m.a.RequestMappingHandlerMapping : Mapped "{[/login],methods=[POST]}" onto public com.ironyard.entities.User com.ironyard.controllers.BandInTrebleController.login(com.ironyard.entities.User,javax.servlet.http.HttpSession) throws java.lang.Exception
2016-07-09 13:01:53.445  INFO 43355 --- [    Test worker] s.w.s.m.m.a.RequestMappingHandlerMapping : Mapped "{[/logout],methods=[POST]}" onto public void com.ironyard.controllers.BandInTrebleController.logout(javax.servlet.http.HttpSession) throws java.lang.Exception
2016-07-09 13:01:53.446  INFO 43355 --- [    Test worker] s.w.s.m.m.a.RequestMappingHandlerMapping : Mapped "{[/error]}" onto public org.springframework.http.ResponseEntity<java.util.Map<java.lang.String, java.lang.Object>> org.springframework.boot.autoconfigure.web.BasicErrorController.error(javax.servlet.http.HttpServletRequest)
2016-07-09 13:01:53.446  INFO 43355 --- [    Test worker] s.w.s.m.m.a.RequestMappingHandlerMapping : Mapped "{[/error],produces=[text/html]}" onto public org.springframework.web.servlet.ModelAndView org.springframework.boot.autoconfigure.web.BasicErrorController.errorHtml(javax.servlet.http.HttpServletRequest,javax.servlet.http.HttpServletResponse)
2016-07-09 13:01:53.472  INFO 43355 --- [    Test worker] o.s.w.s.handler.SimpleUrlHandlerMapping  : Mapped URL path [/webjars/**] onto handler of type [class org.springframework.web.servlet.resource.ResourceHttpRequestHandler]
2016-07-09 13:01:53.472  INFO 43355 --- [    Test worker] o.s.w.s.handler.SimpleUrlHandlerMapping  : Mapped URL path [/**] onto handler of type [class org.springframework.web.servlet.resource.ResourceHttpRequestHandler]
2016-07-09 13:01:53.500  INFO 43355 --- [    Test worker] o.s.w.s.handler.SimpleUrlHandlerMapping  : Mapped URL path [/**/favicon.ico] onto handler of type [class org.springframework.web.servlet.resource.ResourceHttpRequestHandler]
2016-07-09 13:01:53.676  INFO 43355 --- [    Test worker] c.ironyard.BandInTrebleApplicationTests  : Started BandInTrebleApplicationTests in 3.821 seconds (JVM running for 4.524)
]]></system-out>
  <system-err><![CDATA[]]></system-err>
</testsuite>
